<?xml version="1.0" encoding="UTF-8"?>
<!-- Generated by org.testng.reporters.JUnitReportReporter -->
<testsuite skipped="0" hostname="DESKTOP-VSASJU6" name="com.project.Automation.TC_001" tests="1" failures="0" timestamp="20 Jan 2019 19:03:18 GMT" time="27.888" errors="0">
  <testcase name="f" time="27.888" classname="com.project.Automation.TC_001"/>
</testsuite> <!-- com.project.Automation.TC_001 -->
